<?xml version="1.0" encoding="utf-8"?><testsuites name="pytest tests"><testsuite name="pytest" errors="0" failures="0" skipped="53" tests="540" time="207.178" timestamp="2025-08-05T21:39:33.486636-04:00" hostname="DESKTOP-L9V85UA"><testcase classname="tests.integration.test_hierarchical_pipeline.TestHierarchicalPipeline" name="test_pipeline_configuration" time="0.032"><skipped type="pytest.skip" message="integration test (run with --run-integration)">/mnt/c/Users/JJ/Desktop/Clarity-Digital-Twin/brain-go-brrr/tests/integration/test_hierarchical_pipeline.py:27: integration test (run with --run-integration)</skipped></testcase><testcase classname="tests.integration.test_hierarchical_pipeline.TestHierarchicalPipeline" name="test_normal_eeg_bypasses_epileptiform_detection" time="0.001"><skipped type="pytest.skip" message="integration test (run with --run-integration)">/mnt/c/Users/JJ/Desktop/Clarity-Digital-Twin/brain-go-brrr/tests/integration/test_hierarchical_pipeline.py:45: integration test (run with --run-integration)</skipped></testcase><testcase classname="tests.integration.test_hierarchical_pipeline.TestHierarchicalPipeline" name="test_abnormal_eeg_triggers_epileptiform_detection" time="0.001"><skipped type="pytest.skip" message="integration test (run with --run-integration)">/mnt/c/Users/JJ/Desktop/Clarity-Digital-Twin/brain-go-brrr/tests/integration/test_hierarchical_pipeline.py:65: integration test (run with --run-integration)</skipped></testcase><testcase classname="tests.integration.test_hierarchical_pipeline.TestHierarchicalPipeline" name="test_parallel_sleep_staging" time="0.000"><skipped type="pytest.skip" message="integration test (run with --run-integration)">/mnt/c/Users/JJ/Desktop/Clarity-Digital-Twin/brain-go-brrr/tests/integration/test_hierarchical_pipeline.py:92: integration test (run with --run-integration)</skipped></testcase><testcase classname="tests.integration.test_hierarchical_pipeline.TestHierarchicalPipeline" name="test_confidence_based_triage" time="0.001"><skipped type="pytest.skip" message="integration test (run with --run-integration)">/mnt/c/Users/JJ/Desktop/Clarity-Digital-Twin/brain-go-brrr/tests/integration/test_hierarchical_pipeline.py:113: integration test (run with --run-integration)</skipped></testcase><testcase classname="tests.integration.test_hierarchical_pipeline.TestHierarchicalPipeline" name="test_processing_time_constraints" time="0.000"><skipped type="pytest.skip" message="integration test (run with --run-integration)">/mnt/c/Users/JJ/Desktop/Clarity-Digital-Twin/brain-go-brrr/tests/integration/test_hierarchical_pipeline.py:136: integration test (run with --run-integration)</skipped></testcase><testcase classname="tests.integration.test_hierarchical_pipeline.TestHierarchicalPipeline" name="test_batch_processing" time="0.001"><skipped type="pytest.skip" message="integration test (run with --run-integration)">/mnt/c/Users/JJ/Desktop/Clarity-Digital-Twin/brain-go-brrr/tests/integration/test_hierarchical_pipeline.py:160: integration test (run with --run-integration)</skipped></testcase><testcase classname="tests.integration.test_hierarchical_pipeline.TestHierarchicalPipeline" name="test_error_handling_and_fallbacks" time="0.000"><skipped type="pytest.skip" message="integration test (run with --run-integration)">/mnt/c/Users/JJ/Desktop/Clarity-Digital-Twin/brain-go-brrr/tests/integration/test_hierarchical_pipeline.py:177: integration test (run with --run-integration)</skipped></testcase><testcase classname="tests.integration.test_hierarchical_pipeline.TestHierarchicalPipeline" name="test_feature_importance_reporting" time="0.000"><skipped type="pytest.skip" message="integration test (run with --run-integration)">/mnt/c/Users/JJ/Desktop/Clarity-Digital-Twin/brain-go-brrr/tests/integration/test_hierarchical_pipeline.py:197: integration test (run with --run-integration)</skipped></testcase><testcase classname="tests.integration.test_hierarchical_pipeline.TestHierarchicalPipeline" name="test_pipeline_state_persistence" time="0.000"><skipped type="pytest.skip" message="integration test (run with --run-integration)">/mnt/c/Users/JJ/Desktop/Clarity-Digital-Twin/brain-go-brrr/tests/integration/test_hierarchical_pipeline.py:211: integration test (run with --run-integration)</skipped></testcase><testcase classname="tests.integration.test_hierarchical_pipeline.TestAbnormalityScreener" name="test_screener_with_eegpt_features" time="0.001"><skipped type="pytest.skip" message="integration test (run with --run-integration)">/mnt/c/Users/JJ/Desktop/Clarity-Digital-Twin/brain-go-brrr/tests/integration/test_hierarchical_pipeline.py:267: integration test (run with --run-integration)</skipped></testcase><testcase classname="tests.integration.test_hierarchical_pipeline.TestAbnormalityScreener" name="test_screener_calibration" time="0.001"><skipped type="pytest.skip" message="integration test (run with --run-integration)">/mnt/c/Users/JJ/Desktop/Clarity-Digital-Twin/brain-go-brrr/tests/integration/test_hierarchical_pipeline.py:281: integration test (run with --run-integration)</skipped></testcase><testcase classname="tests.integration.test_hierarchical_pipeline.TestEpileptiformDetector" name="test_spike_detection" time="0.000"><skipped type="pytest.skip" message="integration test (run with --run-integration)">/mnt/c/Users/JJ/Desktop/Clarity-Digital-Twin/brain-go-brrr/tests/integration/test_hierarchical_pipeline.py:304: integration test (run with --run-integration)</skipped></testcase><testcase classname="tests.integration.test_hierarchical_pipeline.TestEpileptiformDetector" name="test_spike_wave_complex_detection" time="0.000"><skipped type="pytest.skip" message="integration test (run with --run-integration)">/mnt/c/Users/JJ/Desktop/Clarity-Digital-Twin/brain-go-brrr/tests/integration/test_hierarchical_pipeline.py:333: integration test (run with --run-integration)</skipped></testcase><testcase classname="tests.integration.test_hierarchical_pipeline.TestEpileptiformDetector" name="test_polyspike_detection" time="0.000"><skipped type="pytest.skip" message="integration test (run with --run-integration)">/mnt/c/Users/JJ/Desktop/Clarity-Digital-Twin/brain-go-brrr/tests/integration/test_hierarchical_pipeline.py:353: integration test (run with --run-integration)</skipped></testcase><testcase classname="tests.integration.test_hierarchical_pipeline.TestParallelExecutor" name="test_parallel_execution_faster_than_serial" time="0.000"><skipped type="pytest.skip" message="integration test (run with --run-integration)">/mnt/c/Users/JJ/Desktop/Clarity-Digital-Twin/brain-go-brrr/tests/integration/test_hierarchical_pipeline.py:376: integration test (run with --run-integration)</skipped></testcase><testcase classname="tests.integration.test_hierarchical_pipeline.TestParallelExecutor" name="test_parallel_error_isolation" time="0.000"><skipped type="pytest.skip" message="integration test (run with --run-integration)">/mnt/c/Users/JJ/Desktop/Clarity-Digital-Twin/brain-go-brrr/tests/integration/test_hierarchical_pipeline.py:403: integration test (run with --run-integration)</skipped></testcase><testcase classname="tests.unit.test_abnormality_preprocessor.TestEEGPreprocessor" name="test_preprocessor_initialization" time="0.882" /><testcase classname="tests.unit.test_chunked_autoreject.TestChunkedAutoRejectProcessor" name="test_initialization" time="0.883" /><testcase classname="tests.unit.test_pdf_report.TestPDFReportGeneration" name="test_pdf_report_structure" time="4.704" /><testcase classname="tests.api.test_api_auth.TestAuthUtilities" name="test_generate_admin_token" time="0.892" /><testcase classname="tests.test_sleep_enhanced.TestYASAConfig" name="test_default_config" time="0.894" /><testcase classname="tests.unit.test_chunked_autoreject.TestChunkedAutoRejectProcessor" name="test_has_cached_params" time="0.011" /><testcase classname="tests.unit.test_preprocessing_pipeline.TestBandpassFilter" name="test_bandpass_filter_initialization" time="1.046" /><testcase classname="tests.test_sleep_enhanced.TestYASAConfig" name="test_channel_preferences" time="0.001" /><testcase classname="tests.api.test_api_auth.TestAuthUtilities" name="test_get_admin_token_from_env" time="0.001" /><testcase classname="tests.test_sleep_enhanced.TestYASAConfig" name="test_custom_preferences" time="0.001" /><testcase classname="tests.api.test_api_auth.TestAuthUtilities" name="test_get_admin_token_generates_if_missing" time="0.002" /><testcase classname="tests.unit.test_chunked_autoreject.TestChunkedAutoRejectProcessor" name="test_fit_on_subset_basic" time="0.010" /><testcase classname="tests.test_sleep_enhanced.TestEnhancedSleepAnalyzer" name="test_initialization" time="0.001" /><testcase classname="tests.api.test_api_auth.TestAuthUtilities" name="test_hmac_signature_creation" time="0.001" /><testcase classname="tests.api.test_api_endpoints.TestAPIEndpoints" name="test_root_endpoint" time="1.180" /><testcase classname="tests.api.test_api_auth.TestAuthUtilities" name="test_hmac_signature_verification" time="0.001" /><testcase classname="tests.api.test_api_auth.TestAuthUtilities" name="test_verify_admin_token_valid" time="0.003" /><testcase classname="tests.unit.test_chunked_autoreject.TestChunkedAutoRejectProcessor" name="test_stratified_sampling" time="0.007" /><testcase classname="tests.api.test_api_auth.TestAuthUtilities" name="test_verify_admin_token_invalid" time="0.027" /><testcase classname="tests.unit.test_chunked_autoreject.TestChunkedAutoRejectProcessor" name="test_parameter_extraction" time="0.002" /><testcase classname="tests.unit.test_chunked_autoreject.TestChunkedAutoRejectProcessor" name="test_parameter_saving_loading" time="0.002" /><testcase classname="tests.api.test_api.TestAPIEndpoints" name="test_root_endpoint" time="1.234" /><testcase classname="tests.unit.test_chunked_autoreject.TestChunkedAutoRejectProcessor" name="test_create_autoreject_from_params" time="0.002" /><testcase classname="tests.unit.test_chunked_autoreject.TestChunkedAutoRejectProcessor" name="test_transform_raw" time="0.003" /><testcase classname="tests.api.test_api_auth.TestAuthUtilities" name="test_verify_cache_clear_permission_bearer" time="0.001" /><testcase classname="tests.unit.test_chunked_autoreject.TestChunkedAutoRejectProcessor" name="test_apply_autoreject_with_rejection_stats" time="0.002" /><testcase classname="tests.unit.test_chunked_autoreject.TestChunkedAutoRejectProcessor" name="test_error_handling_missing_cache" time="0.012" /><testcase classname="tests.api.test_api_auth.TestAuthUtilities" name="test_verify_cache_clear_permission_hmac" time="0.002" /><testcase classname="tests.unit.test_redis_pool.TestCircuitBreaker" name="test_initial_state" time="0.998" /><testcase classname="tests.api.test_api_auth.TestAuthUtilities" name="test_create_cache_clear_token" time="0.001" /><testcase classname="tests.unit.test_chunked_autoreject.TestChunkedAutoRejectProcessor" name="test_error_handling_corrupted_cache" time="0.006" /><testcase classname="tests.unit.test_chunked_autoreject.TestChunkedAutoRejectProcessor" name="test_parallel_processing_capability" time="0.004" /><testcase classname="tests.unit.test_chunked_autoreject.TestChunkedProcessingIntegration" name="test_performance_benchmarks" time="0.002" /><testcase classname="tests.unit.test_api_routes.TestAPIRoutes" name="test_api_routes_instance_exists" time="0.001" /><testcase classname="tests.unit.test_redis_pool.TestCircuitBreaker" name="test_failure_threshold_reached" time="0.008" /><testcase classname="tests.unit.test_api_routes.TestAPIRoutes" name="test_api_v1_prefix" time="0.001" /><testcase classname="tests.unit.test_linear_probe.TestLinearProbeHead" name="test_initialization" time="1.047" /><testcase classname="tests.unit.test_api_routes.TestAPIRoutes" name="test_health_endpoints" time="0.001" /><testcase classname="tests.unit.test_api_routes.TestAPIRoutes" name="test_job_management_endpoints" time="0.001" /><testcase classname="tests.unit.test_redis_pool.TestCircuitBreaker" name="test_success_resets_failure_count" time="0.001" /><testcase classname="tests.unit.test_redis_pool.TestCircuitBreaker" name="test_circuit_open_blocks_execution" time="0.002" /><testcase classname="tests.unit.test_api_routes.TestAPIRoutes" name="test_eeg_analysis_endpoints" time="0.001" /><testcase classname="tests.api.test_api_auth.TestAPIAuthentication" name="test_cache_clear_requires_auth" time="0.396" /><testcase classname="tests.unit.test_redis_pool.TestCircuitBreaker" name="test_circuit_recovery_after_timeout" time="0.203" /><testcase classname="tests.unit.test_api_routes.TestAPIRoutes" name="test_queue_endpoints" time="0.001" /><testcase classname="tests.unit.test_eegpt_pipeline.TestEEGPTPreprocessing" name="test_preprocess_resampling" time="1.290" /><testcase classname="tests.unit.test_api_routes.TestAPIRoutes" name="test_cache_endpoints" time="0.002" /><testcase classname="tests.unit.test_linear_probe.TestLinearProbeHead" name="test_forward_pass_3d_input" time="0.004" /><testcase classname="tests.unit.test_preprocessing_pipeline.TestBandpassFilter" name="test_bandpass_filter_removes_dc_offset" time="0.048" /><testcase classname="tests.unit.test_api_routes.TestAPIRoutes" name="test_documentation_endpoints" time="0.001" /><testcase classname="tests.unit.test_linear_probe.TestLinearProbeHead" name="test_forward_pass_2d_input" time="0.002" /><testcase classname="tests.unit.test_api_routes.TestAPIRoutes" name="test_routes_immutability" time="0.001" /><testcase classname="tests.unit.test_autoreject_adapter.TestWindowEpochAdapter" name="test_window_to_epoch_conversion_basic" time="1.190" /><testcase classname="tests.unit.test_api_routes.TestAPIRoutes" name="test_job_status_route_formatting" time="0.001" /><testcase classname="tests.unit.test_linear_probe.TestLinearProbeHead" name="test_predict_proba" time="0.005" /><testcase classname="tests.test_sleep_enhanced.TestEnhancedSleepAnalyzer" name="test_find_best_channels_standard" time="0.162" /><testcase classname="tests.unit.test_api_routes.TestAPIRoutes" name="test_all_routes_start_correctly" time="0.002" /><testcase classname="tests.unit.test_linear_probe.TestLinearProbeHead" name="test_gradient_flow" time="0.007" /><testcase classname="tests.unit.test_api_routes.TestAPIRoutes" name="test_create_new_routes_instance" time="0.001" /><testcase classname="tests.test_sleep_enhanced.TestEnhancedSleepAnalyzer" name="test_find_best_channels_sleep_edf" time="0.019" /><testcase classname="tests.unit.test_channel_mapper.TestChannelMapper" name="test_maps_old_to_modern_naming" time="0.045" /><testcase classname="tests.unit.test_linear_probe.TestSleepStageProbe" name="test_initialization" time="0.001" /><testcase classname="tests.unit.test_linear_probe.TestSleepStageProbe" name="test_predict_stage" time="0.003" /><testcase classname="tests.test_sleep_enhanced.TestEnhancedSleepAnalyzer" name="test_find_best_channels_minimal" time="0.002" /><testcase classname="tests.unit.test_linear_probe.TestAbnormalityProbe" name="test_initialization" time="0.001" /><testcase classname="tests.unit.test_preprocessing_pipeline.TestBandpassFilter" name="test_bandpass_filter_removes_high_frequencies" time="0.017" /><testcase classname="tests.unit.test_linear_probe.TestAbnormalityProbe" name="test_predict_abnormal_probability" time="0.002" /><testcase classname="tests.unit.test_linear_probe.TestProbeFactory" name="test_create_sleep_probe" time="0.002" /><testcase classname="tests.unit.test_linear_probe.TestProbeFactory" name="test_create_abnormality_probe" time="0.001" /><testcase classname="tests.unit.test_preprocessing_pipeline.TestBandpassFilter" name="test_bandpass_filter_multichannel" time="0.008" /><testcase classname="tests.unit.test_linear_probe.TestProbeFactory" name="test_create_generic_probe" time="0.003" /><testcase classname="tests.unit.test_channel_mapper.TestChannelMapper" name="test_handles_mixed_case_consistently" time="0.001" /><testcase classname="tests.unit.test_linear_probe.TestProbeFactory" name="test_case_insensitive" time="0.004" /><testcase classname="tests.unit.test_preprocessing_pipeline.TestNotchFilter" name="test_notch_filter_initialization" time="0.003" /><testcase classname="tests.unit.test_channel_mapper.TestChannelMapper" name="test_preserves_already_modern_names" time="0.002" /><testcase classname="tests.unit.test_preprocessing_pipeline.TestNotchFilter" name="test_notch_filter_removes_target_frequency" time="0.003" /><testcase classname="tests.unit.test_channel_mapper.TestChannelMapper" name="test_returns_empty_list_for_empty_input" time="0.001" /><testcase classname="tests.unit.test_linear_probe.TestIntegrationWithEEGPT" name="test_end_to_end_sleep_classification" time="0.003" /><testcase classname="tests.unit.test_channel_mapper.TestChannelValidator" name="test_validates_minimum_channel_count" time="0.001" /><testcase classname="tests.unit.test_preprocessing_pipeline.TestNotchFilter" name="test_notch_filter_preserves_nearby_frequencies" time="0.003" /><testcase classname="tests.unit.test_linear_probe.TestIntegrationWithEEGPT" name="test_batch_processing" time="0.004" /><testcase classname="tests.unit.test_channel_mapper.TestChannelValidator" name="test_identifies_missing_required_channels" time="0.002" /><testcase classname="tests.unit.test_preprocessing_pipeline.TestNormalizer" name="test_zscore_normalization_single_channel" time="0.025" /><testcase classname="tests.unit.test_edf_validator.TestEDFValidator" name="test_validates_file_exists" time="0.036" /><testcase classname="tests.unit.test_channel_mapper.TestChannelValidator" name="test_accepts_complete_channel_set" time="0.001" /><testcase classname="tests.test_sleep_enhanced.TestEnhancedSleepAnalyzer" name="test_preprocess_for_staging" time="0.348" /><testcase classname="tests.unit.test_channel_mapper.TestChannelValidator" name="test_handles_extra_channels_gracefully" time="0.002" /><testcase classname="tests.unit.test_channel_mapper.TestChannelValidator" name="test_get_channel_indices_for_standard_channels" time="0.001" /><testcase classname="tests.unit.test_channel_mapper.TestChannelSelector" name="test_selects_standard_channels_in_order" time="0.001" /><testcase classname="tests.api.test_api_endpoints.TestAPIEndpoints" name="test_health_endpoint" time="0.005" /><testcase classname="tests.unit.test_preprocessing_pipeline.TestNormalizer" name="test_zscore_normalization_multichannel" time="0.009" /><testcase classname="tests.unit.test_channel_mapper.TestChannelSelector" name="test_returns_empty_for_no_standard_channels" time="0.001" /><testcase classname="tests.unit.test_channel_mapper.TestChannelIntegration" name="test_full_pipeline_old_to_modern_validation" time="0.001" /><testcase classname="tests.unit.test_markdown_report.TestMarkdownReportGeneration" name="test_markdown_report_structure" time="3.519" /><testcase classname="tests.unit.test_preprocessing_pipeline.TestNormalizer" name="test_robust_normalization_with_outliers" time="0.036" /><testcase classname="tests.unit.test_edf_validator.TestEDFValidator" name="test_validates_file_extension" time="0.002" /><testcase classname="tests.unit.test_autoreject_adapter.TestWindowEpochAdapter" name="test_window_to_epoch_overlap_handling" time="0.019" /><testcase classname="tests.unit.test_edf_validator.TestEDFValidator" name="test_validates_minimum_duration" time="0.024" /><testcase classname="tests.api.test_sleep_analysis_api.TestSleepAnalysisEndpoints" name="test_sleep_analysis_endpoint_exists" time="1.346" /><testcase classname="tests.api.test_job_queue_api.TestJobManagement" name="test_job_creation_returns_unique_id" time="1.338" /><testcase classname="tests.unit.test_cli.TestCLI" name="test_version_command" time="1.386" /><testcase classname="tests.unit.test_autoreject_adapter.TestWindowEpochAdapter" name="test_epochs_to_continuous_reconstruction" time="0.029" /><testcase classname="tests.unit.test_abnormality_preprocessor.TestEEGPreprocessor" name="test_highpass_filter" time="0.711" /><testcase classname="tests.unit.test_preprocessing_pipeline.TestResampler" name="test_downsampling_preserves_signal_content" time="0.049" /><testcase classname="tests.unit.test_edf_validator.TestEDFValidator" name="test_validates_sampling_rate" time="0.055" /><testcase classname="tests.api.test_api.TestAPIEndpoints" name="test_health_check_endpoint" time="0.004" /><testcase classname="tests.unit.test_redis_pool.TestCircuitBreaker" name="test_call_with_success" time="0.001" /><testcase classname="tests.api.test_api.TestAPIEndpoints" name="test_analyze_endpoint_requires_file" time="0.063" /><testcase classname="tests.unit.test_redis_pool.TestRedisConnectionPool" name="test_pool_initialization" time="0.006" /><testcase classname="tests.unit.test_redis_pool.TestRedisConnectionPool" name="test_get_client_context_manager" time="0.002" /><testcase classname="tests.unit.test_redis_pool.TestRedisConnectionPool" name="test_execute_with_retry" time="3.003" /><testcase classname="tests.unit.test_autoreject_adapter.TestWindowEpochAdapter" name="test_no_overlap_reconstruction" time="0.041" /><testcase classname="tests.unit.test_preprocessing_pipeline.TestResampler" name="test_upsampling_interpolates_smoothly" time="0.001" /><testcase classname="tests.unit.test_eegpt_pipeline.TestEEGPTPreprocessing" name="test_preprocess_keeps_original_if_256hz" time="0.003" /><testcase classname="tests.unit.test_edf_validator.TestEDFValidator" name="test_accepts_standard_sampling_rates" time="0.486" /><testcase classname="tests.unit.test_preprocessing_pipeline.TestResampler" name="test_resampling_multichannel" time="0.003" /><testcase classname="tests.unit.test_autoreject_adapter.TestWindowEpochAdapter" name="test_edge_case_short_recording" time="0.012" /><testcase classname="tests.unit.test_preprocessing_pipeline.TestPreprocessingPipeline" name="test_pipeline_configuration" time="0.003" /><testcase classname="tests.unit.test_eegpt_pipeline.TestEEGPTPreprocessing" name="test_preprocess_preserves_data_continuity" time="0.030" /><testcase classname="tests.unit.test_preprocessing_pipeline.TestPreprocessingPipeline" name="test_pipeline_end_to_end" time="0.035" /><testcase classname="tests.api.test_api.TestAPIEndpoints" name="test_analyze_endpoint_validates_file_type" time="0.036" /><testcase classname="tests.unit.test_autoreject_adapter.TestWindowEpochAdapter" name="test_memory_efficiency" time="0.027" /><testcase classname="tests.api.test_job_queue_api.TestJobManagement" name="test_job_status_lifecycle" time="0.022" /><testcase classname="tests.unit.test_eegpt_pipeline.TestEEGPTPreprocessing" name="test_preprocess_handles_bad_channels" time="0.035" /><testcase classname="tests.unit.test_autoreject_adapter.TestSyntheticPositionGenerator" name="test_standard_channel_positions" time="0.008" /><testcase classname="tests.api.test_sleep_analysis_api.TestSleepAnalysisEndpoints" name="test_sleep_analysis_requires_file_upload" time="0.034" /><testcase classname="tests.unit.test_preprocessing_pipeline.TestPreprocessingPipeline" name="test_pipeline_with_nan_handling" time="0.014" /><testcase classname="tests.unit.test_autoreject_adapter.TestSyntheticPositionGenerator" name="test_old_new_channel_mapping" time="0.003" /><testcase classname="tests.api.test_job_queue_api.TestJobManagement" name="test_job_status_endpoint_validation" time="0.037" /><testcase classname="tests.unit.test_autoreject_adapter.TestSyntheticPositionGenerator" name="test_add_positions_to_tuab_raw" time="0.086" /><testcase classname="tests.unit.test_preprocessing_pipeline.TestPreprocessingPipeline" name="test_pipeline_optional_components" time="0.002" /><testcase classname="tests.api.test_api_auth.TestAPIAuthentication" name="test_cache_clear_with_valid_auth" time="0.006" /><testcase classname="tests.unit.test_preprocessing_pipeline.TestPreprocessingIntegration" name="test_tuab_preprocessing_spec" time="0.009" /><testcase classname="tests.unit.test_eegpt_pipeline.TestEEGPTWindowExtraction" name="test_extract_windows_basic" time="0.008" /><testcase classname="tests.api.test_api_auth.TestAPIAuthentication" name="test_cache_clear_with_invalid_auth" time="0.009" /><testcase classname="tests.unit.test_eegpt_pipeline.TestEEGPTWindowExtraction" name="test_extract_windows_no_partial" time="0.003" /><testcase classname="tests.api.test_sleep_analysis_api.TestSleepAnalysisEndpoints" name="test_sleep_analysis_accepts_edf_file" time="0.111" /><testcase classname="tests.unit.test_preprocessing_pipeline.TestPreprocessingIntegration" name="test_memory_efficiency" time="0.025" /><testcase classname="tests.unit.test_eegpt_pipeline.TestEEGPTWindowExtraction" name="test_extract_windows_short_data" time="0.002" /><testcase classname="tests.unit.test_cli.TestCLI" name="test_help_command" time="0.131" /><testcase classname="tests.api.test_api_auth.TestAPIAuthentication" name="test_cache_clear_with_hmac_auth" time="0.008" /><testcase classname="tests.unit.test_eegpt_pipeline.TestEEGPTWindowExtraction" name="test_extract_windows_different_sampling_rate" time="0.029" /><testcase classname="tests.api.test_job_queue_api.TestJobManagement" name="test_job_results_endpoint" time="0.014" /><testcase classname="tests.unit.test_train_sleep_probe.TestSleepProbeTraining" name="test_sleep_dataset_creation" time="0.005" /><testcase classname="tests.unit.test_serialization_registry.TestSerializationRegistry" name="test_register_valid_dataclass" time="0.002" /><testcase classname="tests.api.test_job_queue_api.TestJobManagement" name="test_job_cancellation" time="0.013" /><testcase classname="tests.unit.test_train_sleep_probe.TestSleepProbeTraining" name="test_training_step" time="44.150" /><testcase classname="tests.unit.test_serialization_registry.TestSerializationRegistry" name="test_register_invalid_dataclass" time="0.010" /><testcase classname="tests.unit.test_eegpt_pipeline.TestEEGPTFeatureExtraction" name="test_extract_features_single_window" time="0.002" /><testcase classname="tests.api.test_job_queue_api.TestJobManagement" name="test_job_list_endpoint" time="0.012" /><testcase classname="tests.unit.test_serialization_registry.TestSerializationRegistry" name="test_register_dataclass_without_methods" time="0.002" /><testcase classname="tests.unit.test_eegpt_pipeline.TestEEGPTFeatureExtraction" name="test_extract_features_batch" time="0.010" /><testcase classname="tests.test_sleep_enhanced.TestEnhancedSleepAnalyzer" name="test_preprocess_no_resample_needed" time="0.010" /><testcase classname="tests.unit.test_serialization_registry.TestSerializationRegistry" name="test_round_trip_serialization_single_class" time="0.001" /><testcase classname="tests.unit.test_autoreject_adapter.TestSyntheticPositionGenerator" name="test_autoreject_compatibility" time="0.003" /><testcase classname="tests.unit.test_serialization_registry.TestSerializationRegistry" name="test_round_trip_multiple_classes" time="0.001" /><testcase classname="tests.unit.test_eegpt_pipeline.TestEEGPTFeatureExtraction" name="test_extract_features_with_channel_names" time="0.002" /><testcase classname="tests.api.test_job_queue_api.TestJobManagement" name="test_job_filtering_by_status" time="0.016" /><testcase classname="tests.unit.test_serialization_registry.TestSerializationRegistry" name="test_serialize_unregistered_dataclass" time="0.002" /><testcase classname="tests.unit.test_eegpt_pipeline.TestEEGPTFeatureExtraction" name="test_extract_features_gpu" time="0.002" /><testcase classname="tests.unit.test_autoreject_adapter.TestSyntheticPositionGenerator" name="test_fallback_for_unknown_channels" time="0.004" /><testcase classname="tests.unit.test_serialization_registry.TestSerializationRegistry" name="test_deserialize_unregistered_class_passthrough" time="0.001" /><testcase classname="tests.unit.test_autoreject_adapter.TestSyntheticPositionGenerator" name="test_position_consistency" time="0.010" /><testcase classname="tests.unit.test_serialization_registry.TestSerializationRegistry" name="test_serialize_regular_types" time="0.002" /><testcase classname="tests.api.test_job_queue_api.TestAsyncProcessing" name="test_background_task_execution" time="0.132" /><testcase classname="tests.unit.test_serialization_registry.TestSerializationRegistry" name="test_deserialize_invalid_json" time="0.002" /><testcase classname="tests.unit.test_autoreject_adapter.TestAutoRejectIntegration" name="test_full_pipeline_with_parameters[10.0-5.0]" time="0.002" /><testcase classname="tests.unit.test_serialization_registry.TestSerializationRegistry" name="test_registry_isolation" time="0.002" /><testcase classname="tests.unit.test_autoreject_adapter.TestAutoRejectIntegration" name="test_full_pipeline_with_parameters[10.0-10.0]" time="0.001" /><testcase classname="tests.api.test_sleep_analysis_api.TestSleepAnalysisEndpoints" name="test_sleep_analysis_validates_edf_format" time="0.013" /><testcase classname="tests.unit.test_autoreject_adapter.TestAutoRejectIntegration" name="test_full_pipeline_with_parameters[8.0-4.0]" time="0.002" /><testcase classname="tests.unit.test_serialization_registry.TestSerializationRegistry" name="test_complex_nested_data" time="0.002" /><testcase classname="tests.unit.test_flexible_preprocessing.TestFlexibleEEGPreprocessor" name="test_preprocessor_initialization" time="0.002" /><testcase classname="tests.integration.test_pdf_report_integration.TestPDFReportIntegration" name="test_pdf_report_generation_in_detailed_endpoint" time="0.001"><skipped type="pytest.skip" message="integration test (run with --run-integration)">/mnt/c/Users/JJ/Desktop/Clarity-Digital-Twin/brain-go-brrr/tests/integration/test_pdf_report_integration.py:120: integration test (run with --run-integration)</skipped></testcase><testcase classname="tests.api.test_sleep_analysis_api.TestSleepAnalysisEndpoints" name="test_sleep_analysis_returns_job_id" time="0.011" /><testcase classname="tests.unit.test_flexible_preprocessing.TestFlexibleEEGPreprocessor" name="test_preprocess_sleep_edf_without_positions" time="0.188" /><testcase classname="tests.integration.test_pdf_report_integration.TestPDFReportIntegration" name="test_pdf_contains_all_required_sections" time="0.000"><skipped type="pytest.skip" message="integration test (run with --run-integration)">/mnt/c/Users/JJ/Desktop/Clarity-Digital-Twin/brain-go-brrr/tests/integration/test_pdf_report_integration.py:142: integration test (run with --run-integration)</skipped></testcase><testcase classname="tests.test_sleep_enhanced.TestEnhancedSleepAnalyzer" name="test_stage_sleep_flexible_success" time="0.612" /><testcase classname="tests.unit.test_cli.TestCLI" name="test_train_command_help" time="0.015" /><testcase classname="tests.integration.test_pdf_report_integration.TestPDFReportIntegration" name="test_pdf_report_error_handling" time="0.001"><skipped type="pytest.skip" message="integration test (run with --run-integration)">/mnt/c/Users/JJ/Desktop/Clarity-Digital-Twin/brain-go-brrr/tests/integration/test_pdf_report_integration.py:165: integration test (run with --run-integration)</skipped></testcase><testcase classname="tests.api.test_sleep_analysis_api.TestSleepAnalysisEndpoints" name="test_sleep_analysis_job_status_endpoint" time="0.018" /><testcase classname="tests.integration.test_pdf_report_integration.TestPDFReportIntegration" name="test_pdf_report_with_artifact_visualizations" time="0.001"><skipped type="pytest.skip" message="integration test (run with --run-integration)">/mnt/c/Users/JJ/Desktop/Clarity-Digital-Twin/brain-go-brrr/tests/integration/test_pdf_report_integration.py:180: integration test (run with --run-integration)</skipped></testcase><testcase classname="tests.unit.test_eegpt_pipeline.TestEEGPTPipeline" name="test_extract_features_from_raw" time="0.148" /><testcase classname="tests.unit.test_cli.TestCLI" name="test_preprocess_command_help" time="0.012" /><testcase classname="tests.integration.test_pdf_report_integration.TestPDFReportIntegration" name="test_pdf_report_size_limits" time="0.001"><skipped type="pytest.skip" message="integration test (run with --run-integration)">/mnt/c/Users/JJ/Desktop/Clarity-Digital-Twin/brain-go-brrr/tests/integration/test_pdf_report_integration.py:205: integration test (run with --run-integration)</skipped></testcase><testcase classname="tests.api.test_sleep_analysis_api.TestSleepAnalysisEndpoints" name="test_sleep_analysis_job_results_endpoint" time="0.010" /><testcase classname="tests.integration.test_pdf_report_integration.TestPDFReportIntegration" name="test_pdf_metadata_inclusion" time="0.000"><skipped type="pytest.skip" message="integration test (run with --run-integration)">/mnt/c/Users/JJ/Desktop/Clarity-Digital-Twin/brain-go-brrr/tests/integration/test_pdf_report_integration.py:228: integration test (run with --run-integration)</skipped></testcase><testcase classname="tests.unit.test_cli.TestCLI" name="test_evaluate_command_help" time="0.012" /><testcase classname="tests.integration.test_pdf_report_integration.TestPDFReportIntegration" name="test_pdf_triage_flag_styling[URGENT-red]" time="0.001"><skipped type="pytest.skip" message="integration test (run with --run-integration)">/mnt/c/Users/JJ/Desktop/Clarity-Digital-Twin/brain-go-brrr/tests/integration/test_pdf_report_integration.py:253: integration test (run with --run-integration)</skipped></testcase><testcase classname="tests.api.test_sleep_analysis_api.TestSleepAnalysisEndpoints" name="test_sleep_analysis_result_format" time="0.010" /><testcase classname="tests.integration.test_pdf_report_integration.TestPDFReportIntegration" name="test_pdf_triage_flag_styling[EXPEDITE-orange]" time="0.001"><skipped type="pytest.skip" message="integration test (run with --run-integration)">/mnt/c/Users/JJ/Desktop/Clarity-Digital-Twin/brain-go-brrr/tests/integration/test_pdf_report_integration.py:253: integration test (run with --run-integration)</skipped></testcase><testcase classname="tests.unit.test_cli.TestCLI" name="test_serve_command_help" time="0.014" /><testcase classname="tests.api.test_sleep_analysis_api.TestSleepAnalysisValidation" name="test_file_size_limits" time="0.599" /><testcase classname="tests.integration.test_pdf_report_integration.TestPDFReportIntegration" name="test_pdf_triage_flag_styling[ROUTINE-yellow]" time="0.001"><skipped type="pytest.skip" message="integration test (run with --run-integration)">/mnt/c/Users/JJ/Desktop/Clarity-Digital-Twin/brain-go-brrr/tests/integration/test_pdf_report_integration.py:253: integration test (run with --run-integration)</skipped></testcase><testcase classname="tests.integration.test_pdf_report_integration.TestPDFReportIntegration" name="test_pdf_generation_performance" time="0.000"><skipped type="pytest.skip" message="integration test (run with --run-integration)">/mnt/c/Users/JJ/Desktop/Clarity-Digital-Twin/brain-go-brrr/tests/integration/test_pdf_report_integration.py:360: integration test (run with --run-integration)</skipped></testcase><testcase classname="tests.unit.test_cli.TestCLI" name="test_stream_command_help" time="0.022" /><testcase classname="tests.unit.test_window_extractor.TestWindowExtractor" name="test_extracts_correct_window_size" time="0.035" /><testcase classname="tests.api.test_job_queue_api.TestAsyncProcessing" name="test_concurrent_job_limits" time="0.031" /><testcase classname="tests.unit.test_eegpt_pipeline.TestEEGPTPipeline" name="test_abnormality_prediction_pipeline" time="0.010" /><testcase classname="tests.api.test_api.TestAPIEndpoints" name="test_analyze_endpoint_successful_response_format" time="0.469" /><testcase classname="tests.unit.test_cli.TestCLI" name="test_train_command_without_args" time="0.040" /><testcase classname="tests.unit.test_eegpt_pipeline.TestEEGPTPipeline" name="test_pipeline_error_handling" time="0.004" /><testcase classname="tests.unit.test_abnormality_preprocessor.TestEEGPreprocessor" name="test_lowpass_filter" time="0.259" /><testcase classname="tests.unit.test_yasa_adapter.TestYASAConfig" name="test_default_config" time="1.444" /><testcase classname="tests.unit.test_eegpt_pipeline.TestEEGPTConfig" name="test_default_config" time="0.002" /><testcase classname="tests.unit.test_window_extractor.TestWindowExtractor" name="test_calculates_correct_number_of_windows" time="0.007" /><testcase classname="tests.unit.test_yasa_adapter.TestYASAConfig" name="test_custom_config" time="0.002" /><testcase classname="tests.unit.test_eegpt_pipeline.TestEEGPTConfig" name="test_custom_config" time="0.002" /><testcase classname="tests.api.test_job_queue_api.TestAsyncProcessing" name="test_job_timeout_handling" time="0.011" /><testcase classname="tests.unit.test_window_extractor.TestWindowExtractor" name="test_handles_50_percent_overlap" time="0.001" /><testcase classname="tests.unit.test_yasa_adapter.TestYASASleepStager" name="test_initialization" time="1.091" /><testcase classname="tests.unit.test_eegpt_pipeline.TestEEGPTConfig" name="test_config_validation" time="0.009" /><testcase classname="tests.unit.test_window_extractor.TestWindowExtractor" name="test_returns_empty_for_insufficient_data" time="0.001" /><testcase classname="tests.api.test_job_queue_api.TestAsyncProcessing" name="test_job_priority_handling" time="0.012" /><testcase classname="tests.unit.test_window_extractor.TestWindowExtractor" name="test_preserves_channel_order" time="0.003" /><testcase classname="tests.unit.test_cli.TestCLI" name="test_train_command_with_debug" time="0.027" /><testcase classname="tests.integration.test_eegpt_streaming_integration.TestEEGPTStreamingIntegration" name="test_process_small_recording_no_streaming" time="0.001"><skipped type="pytest.skip" message="integration test (run with --run-integration)">/mnt/c/Users/JJ/Desktop/Clarity-Digital-Twin/brain-go-brrr/tests/integration/test_eegpt_streaming_integration.py:38: integration test (run with --run-integration)</skipped></testcase><testcase classname="tests.unit.test_window_extractor.TestWindowExtractor" name="test_handles_different_sampling_rates" time="0.014" /><testcase classname="tests.api.test_job_queue_api.TestJobQueue" name="test_queue_status_endpoint" time="0.011" /><testcase classname="tests.integration.test_eegpt_streaming_integration.TestEEGPTStreamingIntegration" name="test_process_large_recording_with_streaming" time="0.001"><skipped type="pytest.skip" message="integration test (run with --run-integration)">/mnt/c/Users/JJ/Desktop/Clarity-Digital-Twin/brain-go-brrr/tests/integration/test_eegpt_streaming_integration.py:62: integration test (run with --run-integration)</skipped></testcase><testcase classname="tests.unit.test_window_extractor.TestWindowExtractor" name="test_get_window_timestamps" time="0.004" /><testcase classname="tests.integration.test_eegpt_streaming_integration.TestEEGPTStreamingIntegration" name="test_streaming_results_consistent" time="0.001"><skipped type="pytest.skip" message="integration test (run with --run-integration)">/mnt/c/Users/JJ/Desktop/Clarity-Digital-Twin/brain-go-brrr/tests/integration/test_eegpt_streaming_integration.py:88: integration test (run with --run-integration)</skipped></testcase><testcase classname="tests.api.test_job_queue_api.TestJobQueue" name="test_queue_health_check" time="0.014" /><testcase classname="tests.integration.test_eegpt_streaming_integration.TestEEGPTStreamingIntegration" name="test_streaming_threshold[30-False]" time="0.001"><skipped type="pytest.skip" message="integration test (run with --run-integration)">/mnt/c/Users/JJ/Desktop/Clarity-Digital-Twin/brain-go-brrr/tests/integration/test_eegpt_streaming_integration.py:117: integration test (run with --run-integration)</skipped></testcase><testcase classname="tests.unit.test_window_extractor.TestWindowValidator" name="test_validates_window_shape" time="0.003" /><testcase classname="tests.unit.test_cli.TestCLI" name="test_preprocess_command_with_args" time="0.011" /><testcase classname="tests.unit.test_window_extractor.TestWindowValidator" name="test_detects_corrupted_windows" time="0.003" /><testcase classname="tests.integration.test_eegpt_streaming_integration.TestEEGPTStreamingIntegration" name="test_streaming_threshold[60-False]" time="0.002"><skipped type="pytest.skip" message="integration test (run with --run-integration)">/mnt/c/Users/JJ/Desktop/Clarity-Digital-Twin/brain-go-brrr/tests/integration/test_eegpt_streaming_integration.py:117: integration test (run with --run-integration)</skipped></testcase><testcase classname="tests.api.test_job_queue_api.TestJobQueue" name="test_worker_status" time="0.009" /><testcase classname="tests.unit.test_window_extractor.TestBatchWindowExtractor" name="test_extracts_windows_from_multiple_recordings" time="0.004" /><testcase classname="tests.unit.test_cli.TestCLI" name="test_evaluate_command_with_args" time="0.010" /><testcase classname="tests.integration.test_eegpt_streaming_integration.TestEEGPTStreamingIntegration" name="test_streaming_threshold[120-False]" time="0.000"><skipped type="pytest.skip" message="integration test (run with --run-integration)">/mnt/c/Users/JJ/Desktop/Clarity-Digital-Twin/brain-go-brrr/tests/integration/test_eegpt_streaming_integration.py:117: integration test (run with --run-integration)</skipped></testcase><testcase classname="tests.unit.test_api_models.TestJobModel" name="test_job_creation_with_required_fields" time="0.001" /><testcase classname="tests.integration.test_eegpt_streaming_integration.TestEEGPTStreamingIntegration" name="test_streaming_threshold[121-True]" time="0.000"><skipped type="pytest.skip" message="integration test (run with --run-integration)">/mnt/c/Users/JJ/Desktop/Clarity-Digital-Twin/brain-go-brrr/tests/integration/test_eegpt_streaming_integration.py:117: integration test (run with --run-integration)</skipped></testcase><testcase classname="tests.api.test_job_queue_api.TestJobQueue" name="test_queue_cleanup" time="0.009" /><testcase classname="tests.unit.test_api_models.TestJobModel" name="test_job_creation_with_all_fields" time="0.001" /><testcase classname="tests.unit.test_cli.TestCLI" name="test_serve_command_without_args" time="0.006" /><testcase classname="tests.integration.test_eegpt_streaming_integration.TestEEGPTStreamingIntegration" name="test_streaming_threshold[300-True]" time="0.000"><skipped type="pytest.skip" message="integration test (run with --run-integration)">/mnt/c/Users/JJ/Desktop/Clarity-Digital-Twin/brain-go-brrr/tests/integration/test_eegpt_streaming_integration.py:117: integration test (run with --run-integration)</skipped></testcase><testcase classname="tests.unit.test_api_models.TestJobModel" name="test_job_validation_empty_job_id" time="0.002" /><testcase classname="tests.unit.test_cli.TestCLI" name="test_version_command_shows_version" time="0.006" /><testcase classname="tests.integration.test_eegpt_streaming_integration.TestEEGPTStreamingIntegration" name="test_streaming_memory_efficiency" time="0.001"><skipped type="pytest.skip" message="integration test (run with --run-integration)">/mnt/c/Users/JJ/Desktop/Clarity-Digital-Twin/brain-go-brrr/tests/integration/test_eegpt_streaming_integration.py:144: integration test (run with --run-integration)</skipped></testcase><testcase classname="tests.api.test_job_queue_api.TestJobQueue" name="test_queue_pause_resume" time="0.012" /><testcase classname="tests.unit.test_api_models.TestJobModel" name="test_job_validation_empty_analysis_type" time="0.004" /><testcase classname="tests.unit.test_logger_singleton.TestLoggerSingleton" name="test_logger_handlers_not_duplicated" time="0.001" /><testcase classname="tests.unit.test_api_models.TestJobModel" name="test_job_validation_invalid_progress" time="0.002" /><testcase classname="tests.unit.test_logger_singleton.TestLoggerSingleton" name="test_logger_propagation_disabled" time="0.002" /><testcase classname="tests.unit.test_api_models.TestJobModel" name="test_job_to_dict" time="0.002" /><testcase classname="tests.api.test_job_queue_api.TestResourceManagement" name="test_gpu_resource_allocation" time="0.012" /><testcase classname="tests.unit.test_logger_singleton.TestLoggerSingleton" name="test_different_names_get_different_loggers" time="0.003" /><testcase classname="tests.unit.test_api_models.TestJobModel" name="test_job_from_dict" time="0.001" /><testcase classname="tests.unit.test_logger_singleton.TestLoggerSingleton" name="test_logger_level_setting" time="0.001" /><testcase classname="tests.unit.test_api_models.TestJobModel" name="test_job_immutability" time="0.001" /><testcase classname="tests.unit.test_logger_singleton.TestLoggerSingleton" name="test_repeated_imports_dont_duplicate_handlers" time="0.001" /><testcase classname="tests.unit.test_edf_validator.TestEDFValidator" name="test_validates_channel_count" time="0.010" /><testcase classname="tests.api.test_job_queue_api.TestResourceManagement" name="test_memory_monitoring" time="0.009" /><testcase classname="tests.unit.test_api_models.TestJobModel" name="test_job_roundtrip_serialization" time="0.001" /><testcase classname="tests.unit.test_logger_singleton.TestLoggerSingleton" name="test_logger_without_rich_console" time="0.002" /><testcase classname="tests.unit.test_logger_singleton.TestLoggerSingleton" name="test_logger_with_file_handler" time="0.127" /><testcase classname="tests.unit.test_flexible_preprocessing.TestFlexibleEEGPreprocessor" name="test_preprocess_tuh_with_positions" time="4.965" /><testcase classname="tests.unit.test_edf_validator.TestEDFValidator" name="test_detects_nan_values" time="0.012" /><testcase classname="tests.api.test_job_queue_api.TestResourceManagement" name="test_concurrent_processing_limits" time="0.083" /><testcase classname="tests.unit.test_edf_validator.TestEDFValidator" name="test_detects_infinite_values" time="0.011" /><testcase classname="tests.api.test_api.TestAPIEndpoints" name="test_triage_flag_logic_urgent" time="0.013" /><testcase classname="tests.unit.test_edf_validator.TestEDFValidator" name="test_warns_on_extreme_amplitudes" time="0.007" /><testcase classname="tests.unit.test_edf_validator.TestEDFValidator" name="test_detects_flat_channels" time="0.013" /><testcase classname="tests.api.test_api.TestAPIEndpoints" name="test_triage_flag_logic_expedite" time="0.016" /><testcase classname="tests.unit.test_edf_validator.TestEDFValidator" name="test_validates_complete_valid_file" time="0.040" /><testcase classname="tests.api.test_api.TestAPIEndpoints" name="test_triage_flag_logic_routine" time="0.014" /><testcase classname="tests.api.test_api_endpoints.TestAPIEndpoints" name="test_analyze_eeg_success" time="0.876" /><testcase classname="tests.api.test_job_queue_api.TestJobRetry" name="test_job_retry_on_failure" time="0.010" /><testcase classname="tests.api.test_api.TestAPIEndpoints" name="test_triage_flag_logic_normal" time="0.013" /><testcase classname="tests.api.test_job_queue_api.TestJobRetry" name="test_job_failure_notification" time="0.012" /><testcase classname="tests.unit.test_edf_validator.TestValidationResult" name="test_result_contains_all_fields" time="0.001" /><testcase classname="tests.unit.test_abnormality_preprocessor.TestEEGPreprocessor" name="test_notch_filter" time="0.217" /><testcase classname="tests.api.test_api.TestAPIEndpoints" name="test_processing_time_requirement" time="0.014" /><testcase classname="tests.integration.test_autoreject_pipeline.TestAutoRejectEEGPTIntegration" name="test_dataset_initialization_with_autoreject" time="0.001"><skipped type="pytest.skip" message="integration test (run with --run-integration)">/mnt/c/Users/JJ/Desktop/Clarity-Digital-Twin/brain-go-brrr/tests/integration/test_autoreject_pipeline.py:134: integration test (run with --run-integration)</skipped></testcase><testcase classname="tests.api.test_job_queue_api.TestJobRetry" name="test_dead_letter_queue" time="0.009" /><testcase classname="tests.unit.test_logger_singleton.TestLoggerSingleton" name="test_logger_with_all_options" time="0.003" /><testcase classname="tests.integration.test_autoreject_pipeline.TestAutoRejectEEGPTIntegration" name="test_data_loading_with_autoreject" time="0.000"><skipped type="pytest.skip" message="integration test (run with --run-integration)">/mnt/c/Users/JJ/Desktop/Clarity-Digital-Twin/brain-go-brrr/tests/integration/test_autoreject_pipeline.py:177: integration test (run with --run-integration)</skipped></testcase><testcase classname="tests.api.test_api.TestAPIEndpoints" name="test_bad_channel_detection_accuracy" time="0.011" /><testcase classname="tests.unit.test_logger_singleton.TestLoggerSingleton" name="test_logger_creates_parent_directories" time="0.003" /><testcase classname="tests.api.test_job_queue_api.TestJobProgress" name="test_job_progress_updates" time="0.009" /><testcase classname="tests.integration.test_autoreject_pipeline.TestAutoRejectEEGPTIntegration" name="test_autoreject_fallback_on_error" time="0.001"><skipped type="pytest.skip" message="integration test (run with --run-integration)">/mnt/c/Users/JJ/Desktop/Clarity-Digital-Twin/brain-go-brrr/tests/integration/test_autoreject_pipeline.py:219: integration test (run with --run-integration)</skipped></testcase><testcase classname="tests.unit.test_config.TestConfig" name="test_default_config_creation" time="0.024" /><testcase classname="tests.api.test_api.TestAPIEndpoints" name="test_abnormality_detection_confidence" time="0.013" /><testcase classname="tests.integration.test_autoreject_pipeline.TestAutoRejectEEGPTIntegration" name="test_performance_metrics_tracking" time="0.001"><skipped type="pytest.skip" message="integration test (run with --run-integration)">/mnt/c/Users/JJ/Desktop/Clarity-Digital-Twin/brain-go-brrr/tests/integration/test_autoreject_pipeline.py:246: integration test (run with --run-integration)</skipped></testcase><testcase classname="tests.api.test_job_queue_api.TestJobProgress" name="test_job_logs_access" time="0.009" /><testcase classname="tests.integration.test_autoreject_pipeline.TestAutoRejectEEGPTIntegration" name="test_backward_compatibility" time="0.001"><skipped type="pytest.skip" message="integration test (run with --run-integration)">/mnt/c/Users/JJ/Desktop/Clarity-Digital-Twin/brain-go-brrr/tests/integration/test_autoreject_pipeline.py:316: integration test (run with --run-integration)</skipped></testcase><testcase classname="tests.api.test_api.TestAPIEndpoints" name="test_error_handling_corrupted_file" time="0.008" /><testcase classname="tests.api.test_job_queue_api.TestJobProgress" name="test_real_time_updates" time="0.011" /><testcase classname="tests.integration.test_autoreject_pipeline.TestAutoRejectEEGPTIntegration" name="test_config_file_integration" time="0.000"><skipped type="pytest.skip" message="integration test (run with --run-integration)">/mnt/c/Users/JJ/Desktop/Clarity-Digital-Twin/brain-go-brrr/tests/integration/test_autoreject_pipeline.py:366: integration test (run with --run-integration)</skipped></testcase><testcase classname="tests.unit.test_config.TestConfig" name="test_model_config_defaults" time="0.001" /><testcase classname="tests.unit.test_config.TestConfig" name="test_training_config_defaults" time="0.002" /><testcase classname="tests.api.test_api.TestAPIEndpoints" name="test_concurrent_requests_handling" time="0.031" /><testcase classname="tests.integration.test_autoreject_pipeline.TestAutoRejectImpactOnTraining" name="test_auroc_improvement_expectation" time="0.000"><skipped type="pytest.skip" message="integration test (run with --run-integration)">/mnt/c/Users/JJ/Desktop/Clarity-Digital-Twin/brain-go-brrr/tests/integration/test_autoreject_pipeline.py:398: integration test (run with --run-integration)</skipped></testcase><testcase classname="tests.api.test_job_queue_api.TestJobPersistence" name="test_job_history_retention" time="0.010" /><testcase classname="tests.unit.test_config.TestConfig" name="test_config_with_custom_values" time="0.016" /><testcase classname="tests.integration.test_autoreject_pipeline.TestAutoRejectImpactOnTraining" name="test_processing_time_overhead" time="0.000"><skipped type="pytest.skip" message="integration test (run with --run-integration)">/mnt/c/Users/JJ/Desktop/Clarity-Digital-Twin/brain-go-brrr/tests/integration/test_autoreject_pipeline.py:412: integration test (run with --run-integration)</skipped></testcase><testcase classname="tests.api.test_job_queue_api.TestJobPersistence" name="test_job_result_persistence" time="0.009" /><testcase classname="tests.unit.test_config.TestConfig" name="test_directory_creation" time="0.019" /><testcase classname="tests.api.test_job_queue_api.TestJobPersistence" name="test_system_recovery" time="0.008" /><testcase classname="tests.api.test_api.TestAPIEndpoints" name="test_quality_grade_affects_triage[EXCELLENT-ROUTINE]" time="0.012" /><testcase classname="tests.api.test_job_queue_api.TestJobSecurity" name="test_job_access_authorization" time="0.009" /><testcase classname="tests.unit.test_config.TestConfig" name="test_model_config_invalid_window_duration" time="0.004" /><testcase classname="tests.api.test_api.TestAPIEndpoints" name="test_quality_grade_affects_triage[GOOD-ROUTINE]" time="0.015" /><testcase classname="tests.api.test_job_queue_api.TestJobSecurity" name="test_sensitive_data_handling" time="0.011" /><testcase classname="tests.unit.test_config.TestConfig" name="test_model_config_missing_model_path" time="0.006" /><testcase classname="tests.unit.test_time_utils.TestTimeUtils" name="test_utc_now_returns_utc_time" time="0.001" /><testcase classname="tests.api.test_api.TestAPIEndpoints" name="test_quality_grade_affects_triage[FAIR-EXPEDITE]" time="0.013" /><testcase classname="tests.api.test_job_queue_api.TestJobSecurity" name="test_job_data_encryption" time="0.011" /><testcase classname="tests.unit.test_time_utils.TestTimeUtils" name="test_utc_now_is_current_time" time="0.001" /><testcase classname="tests.unit.test_time_utils.TestTimeUtils" name="test_format_timestamp_default" time="0.001" /><testcase classname="tests.api.test_api_endpoints.TestAPIEndpoints" name="test_analyze_eeg_no_file" time="0.029" /><testcase classname="tests.unit.test_yasa_smoothing.TestYASASmoothing" name="test_smoothing_removes_short_transitions" time="0.026" /><testcase classname="tests.test_sleep_enhanced.TestEnhancedSleepAnalyzer" name="test_stage_sleep_no_eeg_channel" time="0.012" /><testcase classname="tests.unit.test_time_utils.TestTimeUtils" name="test_format_timestamp_with_datetime" time="0.001" /><testcase classname="tests.api.test_api.TestAPIEndpoints" name="test_quality_grade_affects_triage[POOR-URGENT]" time="0.018" /><testcase classname="tests.unit.test_time_utils.TestTimeUtils" name="test_format_timestamp_none_uses_current_time" time="0.001" /><testcase classname="tests.unit.test_time_utils.TestTimeUtils" name="test_timestamp_for_logging_format" time="0.002" /><testcase classname="tests.unit.test_sleep_preprocessor.TestSleepPreprocessor" name="test_basic_preprocessing" time="0.397" /><testcase classname="tests.unit.test_time_utils.TestTimeUtils" name="test_time_functions_consistency" time="0.003" /><testcase classname="tests.api.test_api.TestAPIEndpoints" name="test_detailed_endpoint_exists" time="5.536" /><testcase classname="tests.unit.test_yasa_smoothing.TestYASASmoothing" name="test_smoothing_preserves_long_periods" time="0.002" /><testcase classname="tests.api.test_api_endpoints.TestAPIEndpoints" name="test_analyze_eeg_invalid_file" time="0.019" /><testcase classname="tests.integration.test_data_pipeline_integration.TestDataPipelineIntegration" name="test_full_pipeline_with_valid_edf" time="0.000"><skipped type="pytest.skip" message="integration test (run with --run-integration)">/mnt/c/Users/JJ/Desktop/Clarity-Digital-Twin/brain-go-brrr/tests/integration/test_data_pipeline_integration.py:12: integration test (run with --run-integration)</skipped></testcase><testcase classname="tests.unit.test_yasa_smoothing.TestYASASmoothing" name="test_smoothing_window_size" time="0.002" /><testcase classname="tests.integration.test_data_pipeline_integration.TestDataPipelineIntegration" name="test_pipeline_handles_insufficient_channels" time="0.001"><skipped type="pytest.skip" message="integration test (run with --run-integration)">/mnt/c/Users/JJ/Desktop/Clarity-Digital-Twin/brain-go-brrr/tests/integration/test_data_pipeline_integration.py:75: integration test (run with --run-integration)</skipped></testcase><testcase classname="tests.unit.test_yasa_smoothing.TestYASASmoothing" name="test_smoothing_edge_handling" time="0.003" /><testcase classname="tests.integration.test_data_pipeline_integration.TestDataPipelineIntegration" name="test_pipeline_handles_short_recordings" time="0.000"><skipped type="pytest.skip" message="integration test (run with --run-integration)">/mnt/c/Users/JJ/Desktop/Clarity-Digital-Twin/brain-go-brrr/tests/integration/test_data_pipeline_integration.py:100: integration test (run with --run-integration)</skipped></testcase><testcase classname="tests.unit.test_yasa_smoothing.TestYASASmoothing" name="test_stage_sleep_with_smoothing" time="2.356" /><testcase classname="tests.api.test_api_endpoints.TestAPIEndpoints" name="test_analyze_eeg_controller_error" time="0.016" /><testcase classname="tests.integration.test_data_pipeline_integration.TestDataPipelineIntegration" name="test_pipeline_with_data_quality_issues" time="0.001"><skipped type="pytest.skip" message="integration test (run with --run-integration)">/mnt/c/Users/JJ/Desktop/Clarity-Digital-Twin/brain-go-brrr/tests/integration/test_data_pipeline_integration.py:143: integration test (run with --run-integration)</skipped></testcase><testcase classname="tests.integration.test_data_pipeline_integration.TestDataPipelineIntegration" name="test_batch_processing_pipeline" time="0.001"><skipped type="pytest.skip" message="integration test (run with --run-integration)">/mnt/c/Users/JJ/Desktop/Clarity-Digital-Twin/brain-go-brrr/tests/integration/test_data_pipeline_integration.py:199: integration test (run with --run-integration)</skipped></testcase><testcase classname="tests.unit.test_abnormality_preprocessor.TestEEGPreprocessor" name="test_resampling_to_128hz" time="0.166" /><testcase classname="tests.api.test_api_endpoints.TestAPIEndpoints" name="test_analyze_eeg_triage_flags" time="0.050" /><testcase classname="tests.unit.test_code_quality.TestCodeQuality" name="test_no_fast_test_in_production" time="0.004" /><testcase classname="tests.unit.test_code_quality.TestCodeQuality" name="test_no_global_test_mode_in_classes" time="0.004" /><testcase classname="tests.test_sleep_enhanced.TestEnhancedSleepAnalyzer" name="test_stage_sleep_with_smoothing" time="0.429" /><testcase classname="tests.unit.test_code_quality.TestCodeQuality" name="test_autoreject_not_globally_disabled" time="0.004" /><testcase classname="tests.unit.test_code_quality.TestCodeQuality" name="test_no_print_statements_in_src" time="0.003" /><testcase classname="tests.unit.test_code_quality.TestCodeQuality" name="test_proper_type_hints_in_key_modules" time="0.007" /><testcase classname="tests.api.test_sleep_analysis_api.TestSleepAnalysisValidation" name="test_supported_file_extensions" time="0.016" /><testcase classname="tests.api.test_api_endpoints.TestAPIEndpoints" name="test_analyze_detailed_endpoint" time="5.489" /><testcase classname="tests.unit.test_rotary_embedding_fix.TestRotaryEmbeddingFix" name="test_rotary_embedding_dimensions" time="0.006" /><testcase classname="tests.unit.test_rotary_embedding_fix.TestRotaryEmbeddingFix" name="test_apply_rotary_pos_emb_shapes" time="0.002" /><testcase classname="tests.api.test_sleep_analysis_api.TestSleepAnalysisValidation" name="test_empty_file_rejection" time="0.011" /><testcase classname="tests.unit.test_rotary_embedding_fix.TestRotaryEmbeddingFix" name="test_attention_forward_with_correct_shapes" time="0.035" /><testcase classname="tests.api.test_sleep_analysis_api.TestSleepAnalysisConfiguration" name="test_custom_epoch_length" time="0.016" /><testcase classname="tests.unit.test_abnormality_preprocessor.TestEEGPreprocessor" name="test_channel_subset_selection" time="0.013" /><testcase classname="tests.api.test_sleep_analysis_api.TestSleepAnalysisConfiguration" name="test_confidence_threshold_setting" time="0.015" /><testcase classname="tests.unit.test_abnormality_preprocessor.TestEEGPreprocessor" name="test_average_referencing" time="0.031" /><testcase classname="tests.unit.test_rotary_embedding_fix.TestRotaryEmbeddingFix" name="test_eeg_transformer_forward_pass" time="0.082" /><testcase classname="tests.api.test_sleep_analysis_api.TestSleepAnalysisConfiguration" name="test_channel_selection" time="0.012" /><testcase classname="tests.api.test_sleep_analysis_api.TestSleepAnalysisPerformance" name="test_analysis_timeout_handling" time="0.012" /><testcase classname="tests.api.test_sleep_analysis_api.TestSleepAnalysisPerformance" name="test_concurrent_job_handling" time="0.018" /><testcase classname="tests.api.test_api_linear_probe.TestAPILinearProbeIntegration" name="test_sleep_staging_endpoint_exists" time="0.004" /><testcase classname="tests.unit.test_rotary_embedding_fix.TestRotaryEmbeddingFix" name="test_patch_embedding_calculation" time="0.001" /><testcase classname="tests.unit.test_sleep_analysis.TestSleepAnalyzer" name="test_handles_short_recordings" time="0.002"><skipped type="pytest.skip" message="YASA requires &gt;= 5 minutes of data; this test uses only 10 seconds">/mnt/c/Users/JJ/Desktop/Clarity-Digital-Twin/brain-go-brrr/tests/unit/test_sleep_analysis.py:144: YASA requires &gt;= 5 minutes of data; this test uses only 10 seconds</skipped></testcase><testcase classname="tests.unit.test_sleep_analysis.TestSleepAnalyzer" name="test_handles_missing_channels" time="1.551" /><testcase classname="tests.unit.test_abnormality_preprocessor.TestEEGPreprocessor" name="test_full_preprocessing_pipeline" time="6.965" /><testcase classname="tests.unit.test_sleep_preprocessor.TestSleepPreprocessor" name="test_resampling" time="0.046" /><testcase classname="tests.unit.test_redis_caching.TestRedisCaching" name="test_cache_hit_on_repeated_analysis" time="1.003" /><testcase classname="tests.unit.test_sleep_preprocessor.TestSleepPreprocessor" name="test_no_aggressive_filtering" time="0.019" /><testcase classname="tests.unit.test_sleep_preprocessor.TestSleepPreprocessor" name="test_average_reference" time="0.010" /><testcase classname="tests.unit.test_sleep_preprocessor.TestSleepPreprocessor" name="test_no_reference_option" time="0.012" /><testcase classname="tests.unit.test_sleep_preprocessor.TestSleepPreprocessor" name="test_channel_type_setting" time="0.007" /><testcase classname="tests.test_sleep_enhanced.TestEnhancedSleepAnalyzer" name="test_fallback_staging" time="0.007" /><testcase classname="tests.unit.test_sleep_preprocessor.TestSleepPreprocessor" name="test_filter_parameters" time="0.006" /><testcase classname="tests.test_sleep_enhanced.TestEnhancedSleepAnalyzer" name="test_compute_sleep_metrics" time="0.010" /><testcase classname="tests.unit.test_improved_mocking.TestImprovedMocking" name="test_realistic_embeddings_shape" time="0.008" /><testcase classname="tests.api.test_api_linear_probe.TestAPILinearProbeIntegration" name="test_sleep_staging_with_edf_upload" time="0.337" /><testcase classname="tests.test_sleep_enhanced.TestEnhancedSleepAnalyzer" name="test_compute_sleep_metrics_all_wake" time="0.002" /><testcase classname="tests.unit.test_improved_mocking.TestImprovedMocking" name="test_embeddings_for_different_conditions" time="0.001" /><testcase classname="tests.test_sleep_enhanced.TestEnhancedSleepAnalyzer" name="test_generate_sleep_report" time="0.001" /><testcase classname="tests.unit.test_improved_mocking.TestImprovedMocking" name="test_classifier_head_with_realistic_embeddings" time="0.182" /><testcase classname="tests.test_sleep_enhanced.TestEnhancedSleepAnalyzer" name="test_quality_score_calculation" time="0.001" /><testcase classname="tests.test_sleep_enhanced.TestEnhancedSleepAnalyzer" name="test_clinical_flags_generation" time="0.002" /><testcase classname="tests.unit.test_edf_streaming.TestEDFStreamer" name="test_streamer_context_manager" time="0.874" /><testcase classname="tests.test_sleep_enhanced.TestEnhancedSleepAnalyzer" name="test_extract_staging_features" time="0.476" /><testcase classname="tests.unit.test_edf_streaming.TestEDFStreamer" name="test_stream_chunks" time="0.051" /><testcase classname="tests.api.test_api_linear_probe.TestAPILinearProbeIntegration" name="test_probe_selection_based_on_task" time="0.006" /><testcase classname="tests.api.test_api_linear_probe.TestAPILinearProbeIntegration" name="test_batch_processing_with_probe" time="0.006" /><testcase classname="tests.unit.test_edf_streaming.TestEDFStreamer" name="test_process_in_windows" time="0.021" /><testcase classname="tests.api.test_api_root.TestAPIRoot" name="test_root_endpoint" time="0.006" /><testcase classname="tests.api.test_api_root.TestAPIRoot" name="test_health_endpoint" time="0.005" /><testcase classname="tests.unit.test_improved_mocking.TestImprovedMocking" name="test_window_prediction_with_proper_mocking" time="0.008" /><testcase classname="tests.unit.test_edf_streaming.TestEDFStreamer" name="test_process_in_windows_with_overlap" time="0.032" /><testcase classname="tests.api.test_api_root.TestAPIRoot" name="test_ready_endpoint" time="0.005" /><testcase classname="tests.unit.test_jobdata_serialization.TestJobDataSerialization" name="test_jobdata_to_dict" time="0.002" /><testcase classname="tests.unit.test_yasa_adapter.TestYASASleepStager" name="test_stage_sleep_basic" time="0.174" /><testcase classname="tests.unit.test_jobdata_serialization.TestJobDataSerialization" name="test_jobdata_from_dict" time="0.001" /><testcase classname="tests.unit.test_jobdata_serialization.TestJobDataSerialization" name="test_jobdata_roundtrip" time="0.002" /><testcase classname="tests.unit.test_edf_streaming.TestEDFStreamer" name="test_get_info" time="0.015" /><testcase classname="tests.unit.test_jobdata_serialization.TestJobDataSerialization" name="test_cache_layer_handles_jobdata" time="0.002" /><testcase classname="tests.unit.test_autoreject_fallbacks_simple.TestAutoRejectFallbacksSimple" name="test_amplitude_based_cleaning_method" time="0.029" /><testcase classname="tests.unit.test_eegpt_linear_probe.TestLinearProbe" name="test_linear_with_constraint" time="0.003" /><testcase classname="tests.unit.test_autoreject_fallbacks_simple.TestAutoRejectFallbacksSimple" name="test_apply_autoreject_fallback" time="0.005" /><testcase classname="tests.unit.test_eegpt_linear_probe.TestLinearProbe" name="test_eegpt_linear_probe_components" time="0.034" /><testcase classname="tests.unit.test_edf_streaming.TestEDFStreamer" name="test_invalid_overlap" time="0.032" /><testcase classname="tests.unit.test_redis_caching.TestRedisCaching" name="test_cache_key_generation" time="0.019" /><testcase classname="tests.unit.test_autoreject_fallbacks_simple.TestAutoRejectFallbacksSimple" name="test_fallback_logging" time="0.004" /><testcase classname="tests.integration.test_eegpt_integration.TestEEGPTConfig" name="test_default_config" time="0.001"><skipped type="pytest.skip" message="integration test (run with --run-integration)">/mnt/c/Users/JJ/Desktop/Clarity-Digital-Twin/brain-go-brrr/tests/integration/test_eegpt_integration.py:25: integration test (run with --run-integration)</skipped></testcase><testcase classname="tests.unit.test_edf_streaming.TestMemoryEstimation" name="test_estimate_memory_usage" time="0.026" /><testcase classname="tests.unit.test_redis_caching.TestRedisCaching" name="test_cache_expiration" time="0.018" /><testcase classname="tests.integration.test_eegpt_integration.TestEEGPTConfig" name="test_config_validation" time="0.001"><skipped type="pytest.skip" message="integration test (run with --run-integration)">/mnt/c/Users/JJ/Desktop/Clarity-Digital-Twin/brain-go-brrr/tests/integration/test_eegpt_integration.py:38: integration test (run with --run-integration)</skipped></testcase><testcase classname="tests.unit.test_abnormality_accuracy.TestModelBenchmarks" name="test_compare_to_baseline_models" time="0.001" /><testcase classname="tests.unit.test_eegpt_linear_probe.TestLinearProbe" name="test_abnormality_detection_probe_config" time="0.001" /><testcase classname="tests.unit.test_eegpt_summary_tokens.TestLinearProbeIntegration" name="test_linear_probe_architecture" time="0.005" /><testcase classname="tests.unit.test_redis_caching.TestRedisCaching" name="test_cache_invalidation_on_different_file" time="0.032" /><testcase classname="tests.unit.test_edf_streaming.TestMemoryEstimation" name="test_process_large_edf_streaming_decision" time="0.057" /><testcase classname="tests.unit.test_yasa_compliance.TestYASACompliance" name="test_no_filtering_before_yasa" time="0.172" /><testcase classname="tests.unit.test_redis_caching.TestRedisCaching" name="test_cache_disabled_when_redis_unavailable" time="0.021" /><testcase classname="tests.unit.test_edf_streaming.TestMemoryEstimation" name="test_process_small_edf_no_streaming" time="0.011" /><testcase classname="tests.benchmarks.test_performance.TestPerformanceBenchmarks" name="test_api_response_time" time="1.452" /><testcase classname="tests.unit.test_redis_caching.TestRedisCaching" name="test_detailed_endpoint_caching" time="5.845" /><testcase classname="tests.unit.test_yasa_adapter.TestYASASleepStager" name="test_stage_sleep_short_data_error" time="0.009" /><testcase classname="tests.unit.test_yasa_adapter.TestYASASleepStager" name="test_channel_selection" time="0.001" /><testcase classname="tests.unit.test_yasa_adapter.TestYASASleepStager" name="test_yasa_to_standard_stage" time="0.001" /><testcase classname="tests.unit.test_yasa_adapter.TestYASASleepStager" name="test_calculate_sleep_metrics" time="0.002" /><testcase classname="tests.unit.test_yasa_adapter.TestYASASleepStager" name="test_process_full_night" time="0.095" /><testcase classname="tests.test_sleep_enhanced.TestEnhancedSleepAnalyzer" name="test_compute_fractal_dimension" time="0.004" /><testcase classname="tests.test_sleep_enhanced.TestEnhancedSleepAnalyzer" name="test_compute_permutation_entropy" time="0.003" /><testcase classname="tests.test_sleep_enhanced.TestEnhancedSleepAnalyzer" name="test_temporal_smoothing" time="0.003" /><testcase classname="tests.unit.test_yasa_adapter.TestHierarchicalPipelineYASAAdapter" name="test_adapter_interface" time="0.034" /><testcase classname="tests.test_sleep_enhanced.TestIntegrationWithSleepEDF" name="test_full_pipeline_sleep_edf" time="0.514" /><testcase classname="tests.unit.test_yasa_adapter.TestHierarchicalPipelineYASAAdapter" name="test_adapter_error_handling" time="0.002" /><testcase classname="tests.unit.test_yasa_adapter.TestLightGBMFallback" name="test_lightgbm_available" time="0.002" /><testcase classname="tests.unit.test_yasa_adapter.TestLightGBMFallback" name="test_lightgbm_not_available" time="0.001" /><testcase classname="tests.test_sleep_enhanced.TestPerformanceAndEdgeCases" name="test_large_dataset_performance" time="0.055" /><testcase classname="tests.test_sleep_enhanced.TestPerformanceAndEdgeCases" name="test_short_recording" time="0.010" /><testcase classname="tests.test_sleep_enhanced.TestPerformanceAndEdgeCases" name="test_channel_type_detection" time="0.003" /><testcase classname="tests.test_sleep_enhanced.TestPerformanceAndEdgeCases" name="test_config_single_channel_mode" time="0.002" /><testcase classname="tests.test_sleep_enhanced.TestPerformanceAndEdgeCases" name="test_case_insensitive_channel_matching" time="0.003" /><testcase classname="tests.test_sleep_enhanced.TestErrorHandling" name="test_yasa_validation" time="0.002" /><testcase classname="tests.test_sleep_enhanced.TestErrorHandling" name="test_invalid_channel_type" time="0.004" /><testcase classname="tests.test_sleep_enhanced.TestErrorHandling" name="test_empty_hypnogram" time="0.001" /><testcase classname="tests.test_sleep_enhanced.TestErrorHandling" name="test_yasa_failure_fallback" time="0.173" /><testcase classname="tests.unit.test_sleep_analysis.TestSleepAnalyzer" name="test_channel_selection[1-expected_channels0]" time="0.437" /><testcase classname="tests.unit.test_redis_pool.TestRedisConnectionPool" name="test_execute_max_retries_exceeded" time="1.004" /><testcase classname="tests.unit.test_encoder_raw_output" name="test_encoder_raw_output" time="0.011" /><testcase classname="tests.unit.test_sleep_analysis.TestSleepAnalyzer" name="test_channel_selection[2-expected_channels1]" time="0.453" /><testcase classname="tests.unit.test_yasa_smoothing.TestYASASmoothing" name="test_smoothing_with_confidence_scores" time="0.489" /><testcase classname="tests.unit.test_pdf_report.TestPDFReportGeneration" name="test_pdf_contains_warning_banner" time="2.455" /><testcase classname="tests.unit.test_markdown_report.TestMarkdownReportGeneration" name="test_markdown_contains_warning_section" time="0.002" /><testcase classname="tests.unit.test_markdown_report.TestMarkdownReportGeneration" name="test_markdown_summary_statistics" time="0.001" /><testcase classname="tests.unit.test_markdown_report.TestMarkdownReportGeneration" name="test_markdown_channel_quality_table" time="0.002" /><testcase classname="tests.unit.test_markdown_report.TestMarkdownReportGeneration" name="test_markdown_artifact_summary" time="0.003" /><testcase classname="tests.unit.test_markdown_report.TestMarkdownReportGeneration" name="test_markdown_for_normal_eeg" time="0.001" /><testcase classname="tests.unit.test_markdown_report.TestMarkdownReportGeneration" name="test_markdown_file_save" time="0.004" /><testcase classname="tests.unit.test_markdown_report.TestMarkdownReportGeneration" name="test_markdown_metadata_section" time="0.001" /><testcase classname="tests.unit.test_markdown_report.TestMarkdownReportGeneration" name="test_triage_flag_formatting" time="0.002" /><testcase classname="tests.unit.test_markdown_report.TestMarkdownReportGeneration" name="test_markdown_generation_performance" time="0.001" /><testcase classname="tests.unit.test_markdown_report.TestMarkdownReportGeneration" name="test_markdown_ascii_electrode_map" time="0.001" /><testcase classname="tests.unit.test_markdown_report.TestMarkdownReportGeneration" name="test_convert_pdf_results_to_markdown" time="0.002" /><testcase classname="tests.unit.test_sleep_analysis.TestSleepAnalyzer" name="test_channel_selection[6-expected_channels2]" time="0.434" /><testcase classname="tests.unit.test_classifier_compatibility.TestClassifierCompatibility" name="test_classifier_matches_config_feature_dim" time="0.018" /><testcase classname="tests.unit.test_classifier_compatibility.TestClassifierCompatibility" name="test_incompatible_classifier_raises_error" time="0.021" /><testcase classname="tests.unit.test_classifier_compatibility.TestClassifierCompatibility" name="test_custom_feature_dim_propagates_to_classifier" time="0.009" /><testcase classname="tests.unit.test_classifier_compatibility.TestClassifierCompatibility" name="test_validate_model_compatibility_method" time="0.007" /><testcase classname="tests.unit.test_classifier_compatibility.TestClassifierCompatibility" name="test_runtime_validation_on_detect" time="0.013" /><testcase classname="tests.unit.test_redis_pool.TestRedisConnectionPool" name="test_health_check" time="0.003" /><testcase classname="tests.unit.test_redis_pool.TestRedisConnectionPool" name="test_health_check_failure" time="0.003" /><testcase classname="tests.unit.test_redis_pool.TestRedisConnectionPool" name="test_get_stats" time="0.002" /><testcase classname="tests.unit.test_redis_pool.TestRedisConnectionPool" name="test_reset_circuit_breaker" time="0.003" /><testcase classname="tests.unit.test_redis_pool.TestRedisConnectionPool" name="test_close_pool" time="0.002" /><testcase classname="tests.unit.test_redis_pool.TestGlobalPool" name="test_get_redis_pool_singleton" time="0.003" /><testcase classname="tests.unit.test_redis_pool.TestGlobalPool" name="test_close_redis_pool" time="0.002" /><testcase classname="tests.unit.test_flexible_preprocessing.TestFlexibleEEGPreprocessor" name="test_channel_name_mapping" time="0.003" /><testcase classname="tests.unit.test_flexible_preprocessing.TestFlexibleEEGPreprocessor" name="test_smart_channel_selection" time="0.043" /><testcase classname="tests.unit.test_flexible_preprocessing.TestFlexibleEEGPreprocessor" name="test_fallback_artifact_rejection" time="0.012" /><testcase classname="tests.unit.test_flexible_preprocessing.TestFlexibleEEGPreprocessor" name="test_resampling_handling" time="4.941" /><testcase classname="tests.unit.test_pdf_report.TestPDFReportGeneration" name="test_electrode_heatmap_generation" time="0.016" /><testcase classname="tests.unit.test_pdf_report.TestPDFReportGeneration" name="test_artifact_examples_visualization" time="0.241" /><testcase classname="tests.unit.test_pdf_report.TestPDFReportGeneration" name="test_pdf_report_for_normal_eeg" time="1.529" /><testcase classname="tests.api.test_api.TestAPIPerformance" name="test_api_response_time" time="0.005" /><testcase classname="tests.unit.test_api_dependencies.TestAPIDependencies" name="test_get_cache_returns_none_when_not_initialized" time="0.002" /><testcase classname="tests.unit.test_api_dependencies.TestAPIDependencies" name="test_get_cache_returns_cache_when_initialized" time="0.001" /><testcase classname="tests.unit.test_api_dependencies.TestAPIDependencies" name="test_get_job_store_returns_dict" time="0.001" /><testcase classname="tests.unit.test_api_dependencies.TestAPIDependencies" name="test_get_job_store_returns_empty_dict_by_default" time="0.001" /><testcase classname="tests.unit.test_api_dependencies.TestAPIDependencies" name="test_module_level_globals_exist" time="0.001" /><testcase classname="tests.api.test_api_endpoints.TestAPIEndpoints" name="test_analyze_detailed_pdf_generation" time="0.019" /><testcase classname="tests.api.test_api_endpoints.TestAPIEndpoints" name="test_analyze_detailed_markdown_report" time="1.600" /><testcase classname="tests.unit.test_redis_caching.TestRedisCaching" name="test_cache_behavior_across_endpoints[/api/v1/eeg/analyze-edf_file-basic]" time="0.020" /><testcase classname="tests.unit.test_redis_caching.TestRedisCaching" name="test_cache_behavior_across_endpoints[/api/v1/eeg/analyze/detailed-edf_file-detailed]" time="1.209" /><testcase classname="tests.unit.test_pdf_report.TestPDFReportGeneration" name="test_pdf_metadata" time="1.392" /><testcase classname="tests.unit.test_abnormality_preprocessor.TestEEGPreprocessor" name="test_preprocessing_preserves_eeg_patterns" time="0.001"><skipped type="pytest.skip" message="Test data too short for Autoreject cross-validation">/mnt/c/Users/JJ/Desktop/Clarity-Digital-Twin/brain-go-brrr/tests/unit/test_abnormality_preprocessor.py:342: Test data too short for Autoreject cross-validation</skipped></testcase><testcase classname="tests.unit.test_abnormality_preprocessor.TestEEGPreprocessor" name="test_preprocessing_handles_different_montages" time="3.729" /><testcase classname="tests.api.test_api_endpoints.TestAPIEndpoints" name="test_large_file_handling" time="0.027" /><testcase classname="tests.api.test_api_endpoints.TestAPIEndpoints" name="test_concurrent_requests" time="0.073" /><testcase classname="tests.api.test_api_endpoints.TestAPIEndpoints" name="test_cors_headers[/-GET]" time="0.004" /><testcase classname="tests.api.test_api_endpoints.TestAPIEndpoints" name="test_cors_headers[/api/v1/health-GET]" time="0.005" /><testcase classname="tests.api.test_api_endpoints.TestAPIEndpoints" name="test_cors_headers[/api/v1/eeg/analyze-POST]" time="0.007" /><testcase classname="tests.api.test_api_endpoints.TestAPIEndpoints" name="test_cors_headers[/api/v1/eeg/analyze/detailed-POST]" time="0.007" /><testcase classname="tests.unit.test_redis_caching.TestRedisCaching" name="test_cache_stats_endpoint" time="0.015" /><testcase classname="tests.unit.test_pdf_report.TestPDFReportGeneration" name="test_pdf_file_size_reasonable" time="0.948" /><testcase classname="tests.unit.test_pdf_report.TestPDFReportGeneration" name="test_pdf_generation_performance" time="0.961" /><testcase classname="tests.unit.test_flexible_preprocessing.TestFlexibleEEGPreprocessor" name="test_preprocessing_modes" time="0.001" /><testcase classname="tests.unit.test_flexible_preprocessing.TestFlexibleEEGPreprocessor" name="test_preprocessing_pipeline_order" time="4.488" /><testcase classname="tests.unit.test_pdf_report.TestPDFReportGeneration" name="test_pdf_report_includes_summary_stats" time="0.739" /><testcase classname="tests.unit.test_pdf_report.TestPDFReportGeneration" name="test_pdf_banner_color_by_flag[URGENT-red]" time="0.001" /><testcase classname="tests.unit.test_pdf_report.TestPDFReportGeneration" name="test_pdf_banner_color_by_flag[EXPEDITE-orange]" time="0.001" /><testcase classname="tests.unit.test_pdf_report.TestPDFReportGeneration" name="test_pdf_banner_color_by_flag[ROUTINE-yellow]" time="0.001" /><testcase classname="tests.unit.test_pdf_report.TestPDFReportGeneration" name="test_pdf_banner_color_by_flag[NORMAL-green]" time="0.001" /><testcase classname="tests.unit.test_pdf_report.TestPDFReportGeneration" name="test_error_handling_missing_data" time="0.501" /><testcase classname="tests.unit.test_abnormality_preprocessor.TestEEGPreprocessor" name="test_preprocessing_performance" time="6.446" /><testcase classname="tests.unit.test_pdf_report.TestPDFReportGeneration" name="test_artifact_visualization_empty_list" time="0.001" /><testcase classname="tests.unit.test_pdf_report.TestPDFReportIntegration" name="test_pdf_download_endpoint" time="0.136" /><testcase classname="tests.unit.test_pdf_report.TestPDFVisualizationHelpers" name="test_coordinate_normalization" time="0.001" /><testcase classname="tests.unit.test_pdf_report.TestPDFVisualizationHelpers" name="test_severity_to_color_mapping" time="0.001" /><testcase classname="tests.unit.test_flexible_preprocessing.TestFlexibleEEGPreprocessor" name="test_error_handling" time="0.003" /><testcase classname="tests.unit.test_abnormality_preprocessor.TestEEGPreprocessor" name="test_notch_filter_frequencies[50]" time="0.025" /><testcase classname="tests.unit.test_abnormality_preprocessor.TestEEGPreprocessor" name="test_notch_filter_frequencies[60]" time="0.032" /><testcase classname="tests.unit.test_abnormality_preprocessor.TestBioSerenityE1Compliance" name="test_exact_filter_specifications" time="0.019" /><testcase classname="tests.unit.test_abnormality_preprocessor.TestBioSerenityE1Compliance" name="test_window_size_for_128hz" time="0.017" /><testcase classname="tests.unit.test_train_sleep_probe.TestSleepProbeTraining" name="test_full_training_epoch" time="0.011" /><testcase classname="tests.unit.test_train_sleep_probe.TestSleepProbeTraining" name="test_evaluation" time="0.039" /><testcase classname="tests.unit.test_train_sleep_probe.TestSleepProbeTraining" name="test_train_sleep_probe_integration" time="0.325" /><testcase classname="tests.unit.test_train_sleep_probe.TestSleepProbeTraining" name="test_checkpoint_saving" time="0.091" /><testcase classname="tests.unit.test_train_sleep_probe.TestSleepProbeTraining" name="test_early_stopping" time="0.042" /><testcase classname="tests.unit.test_train_sleep_probe.TestSleepProbeTraining" name="test_data_augmentation" time="0.005" /><testcase classname="tests.unit.test_train_sleep_probe.TestSleepEDFDataLoading" name="test_load_sleep_edf_annotations" time="0.002" /><testcase classname="tests.unit.test_train_sleep_probe.TestSleepEDFDataLoading" name="test_window_extraction_from_edf" time="0.004" /><testcase classname="tests.unit.test_train_sleep_probe.TestSleepEDFDataLoading" name="test_train_val_split" time="0.029" /></testsuite></testsuites>